build/intermediates/manifest_merge_blame_file/debug/manifest-merger-blame-debug-report.txt
1<?xml version="1.0" encoding="utf-8"?>
2<manifest xmlns:android="http://schemas.android.com/apk/res/android"
3    package="com.davuterarslan"
4    android:hardwareAccelerated="true"
5    android:versionCode="10000"
6    android:versionName="1.0.0" >
7
8    <uses-sdk
9        android:minSdkVersion="22"
9-->src\main\AndroidManifest.xml
10        android:targetSdkVersion="30" />
10-->src\main\AndroidManifest.xml
11
12    <supports-screens
12-->src\main\AndroidManifest.xml:3:5-191
13        android:anyDensity="true"
13-->src\main\AndroidManifest.xml:3:23-48
14        android:largeScreens="true"
14-->src\main\AndroidManifest.xml:3:49-76
15        android:normalScreens="true"
15-->src\main\AndroidManifest.xml:3:77-105
16        android:resizeable="true"
16-->src\main\AndroidManifest.xml:3:106-131
17        android:smallScreens="true"
17-->src\main\AndroidManifest.xml:3:132-159
18        android:xlargeScreens="true" />
18-->src\main\AndroidManifest.xml:3:160-188
19
20    <uses-permission android:name="android.permission.INTERNET" />
20-->src\main\AndroidManifest.xml:4:5-67
20-->src\main\AndroidManifest.xml:4:22-64
21
22    <application
22-->src\main\AndroidManifest.xml:5:5-13:19
23        android:appComponentFactory="androidx.core.app.CoreComponentFactory"
23-->[androidx.core:core:1.5.0] AndroidManifest.xml:24:18-86
24        android:debuggable="true"
25        android:hardwareAccelerated="true"
25-->src\main\AndroidManifest.xml:5:18-52
26        android:icon="@mipmap/ic_launcher"
26-->src\main\AndroidManifest.xml:5:53-87
27        android:label="@string/app_name"
27-->src\main\AndroidManifest.xml:5:88-120
28        android:supportsRtl="true"
28-->src\main\AndroidManifest.xml:5:121-147
29        android:testOnly="true" >
30        <activity
30-->src\main\AndroidManifest.xml:6:9-12:20
31            android:name="com.davuterarslan.MainActivity"
31-->src\main\AndroidManifest.xml:7:82-109
32            android:configChanges="orientation|keyboardHidden|keyboard|screenSize|locale|smallestScreenSize|screenLayout|uiMode"
32-->src\main\AndroidManifest.xml:6:19-135
33            android:label="@string/activity_name"
33-->src\main\AndroidManifest.xml:7:13-50
34            android:launchMode="singleTop"
34-->src\main\AndroidManifest.xml:7:51-81
35            android:theme="@style/Theme.AppCompat.NoActionBar"
35-->src\main\AndroidManifest.xml:7:110-160
36            android:windowSoftInputMode="adjustResize" >
36-->src\main\AndroidManifest.xml:7:161-203
37            <intent-filter android:label="@string/launcher_name" >
37-->src\main\AndroidManifest.xml:8:13-11:29
37-->src\main\AndroidManifest.xml:8:28-65
38                <action android:name="android.intent.action.MAIN" />
38-->src\main\AndroidManifest.xml:9:17-69
38-->src\main\AndroidManifest.xml:9:25-66
39
40                <category android:name="android.intent.category.LAUNCHER" />
40-->src\main\AndroidManifest.xml:10:17-77
40-->src\main\AndroidManifest.xml:10:27-74
41            </intent-filter>
42        </activity>
43    </application>
44
45</manifest>